Copyright 1986-2020 Xilinx, Inc. All Rights Reserved.
------------------------------------------------------------------------------------------------------------------------------------
| Tool Version : Vivado v.2020.1 (win64) Build 2902540 Wed May 27 19:54:49 MDT 2020
| Date         : Thu Sep  8 13:46:03 2022
| Host         : Ian-s-Zenbook-13 running 64-bit major release  (build 9200)
| Command      : report_drc -file oc8051_fpga_top_drc_opted.rpt -pb oc8051_fpga_top_drc_opted.pb -rpx oc8051_fpga_top_drc_opted.rpx
| Design       : oc8051_fpga_top
| Device       : xc7z020clg484-1
| Speed File   : -1
| Design State : Synthesized
------------------------------------------------------------------------------------------------------------------------------------

Report DRC

Table of Contents
-----------------
1. REPORT SUMMARY
2. REPORT DETAILS

1. REPORT SUMMARY
-----------------
            Netlist: netlist
          Floorplan: checkpoint_oc8051_fpga_top
      Design limits: <entire design considered>
           Ruledeck: default
             Max violations: <unlimited>
             Violations found: 4
+--------+------------------+------------------------------------------------+------------+
| Rule   | Severity         | Description                                    | Violations |
+--------+------------------+------------------------------------------------+------------+
| NSTD-1 | Critical Warning | Unspecified I/O Standard                       | 1          |
| UCIO-1 | Critical Warning | Unconstrained Logical Port                     | 1          |
| PLIO-3 | Warning          | Placement Constraints Check for IO constraints | 1          |
| ZPS7-1 | Warning          | PS7 block required                             | 1          |
+--------+------------------+------------------------------------------------+------------+

2. REPORT DETAILS
-----------------
NSTD-1#1 Critical Warning
Unspecified I/O Standard  
41 out of 51 logical ports use I/O standard (IOSTANDARD) value 'DEFAULT', instead of a user assigned specific value. This may cause I/O contention or incompatibility with the board power or connectivity affecting performance, signal integrity or in extreme cases cause damage to the device or the components to which it is connected. To correct this violation, specify all I/O standards. This design will fail to generate a bitstream unless all logical ports have a user specified I/O standard value defined. To allow bitstream creation with unspecified I/O standard values (not recommended), use this command: set_property SEVERITY {Warning} [get_drc_checks NSTD-1].  NOTE: When using the Vivado Runs infrastructure (e.g. launch_runs Tcl command), add this command to a .tcl file and add that file as a pre-hook for write_bitstream step for the implementation run. Problem ports: SSD_an[7:0], SSD_out[7:0], iadr_o[7], iadr_o[6], iadr_o[5], iadr_o[4], iadr_o[3],
iadr_o[2], iadr_o[1], iadr_o[0], p0_out[7:0], p1_out[7:0], rst_o.
Related violations: <none>

UCIO-1#1 Critical Warning
Unconstrained Logical Port  
41 out of 51 logical ports have no user assigned specific location constraint (LOC). This may cause I/O contention or incompatibility with the board power or connectivity affecting performance, signal integrity or in extreme cases cause damage to the device or the components to which it is connected. To correct this violation, specify all pin locations. This design will fail to generate a bitstream unless all logical ports have a user specified site LOC constraint defined.  To allow bitstream creation with unspecified pin locations (not recommended), use this command: set_property SEVERITY {Warning} [get_drc_checks UCIO-1].  NOTE: When using the Vivado Runs infrastructure (e.g. launch_runs Tcl command), add this command to a .tcl file and add that file as a pre-hook for write_bitstream step for the implementation run.  Problem ports: SSD_an[7:0], SSD_out[7:0], iadr_o[7], iadr_o[6], iadr_o[5], iadr_o[4], iadr_o[3],
iadr_o[2], iadr_o[1], iadr_o[0], p0_out[7:0], p1_out[7:0], rst_o.
Related violations: <none>

PLIO-3#1 Warning
Placement Constraints Check for IO constraints  
Partially locked IO Bus is found. Following components of the IO Bus iadr_o[15:0] are not locked:  iadr_o[7] iadr_o[6] iadr_o[5] iadr_o[4] iadr_o[3] iadr_o[2] iadr_o[1] iadr_o[0]
Related violations: <none>

ZPS7-1#1 Warning
PS7 block required  
The PS7 cell must be used in this Zynq design in order to enable correct default configuration.
Related violations: <none>


