
*** Running vivado
    with args -log oc8051_fpga_top.vdi -applog -m64 -product Vivado -messageDb vivado.pb -mode batch -source oc8051_fpga_top.tcl -notrace



****** Vivado v2020.1 (64-bit)
  **** SW Build 2902540 on Wed May 27 19:54:49 MDT 2020
  **** IP Build 2902112 on Wed May 27 22:43:36 MDT 2020
    ** Copyright 1986-2020 Xilinx, Inc. All Rights Reserved.

source oc8051_fpga_top.tcl -notrace
INFO: [IP_Flow 19-234] Refreshing IP repositories
INFO: [IP_Flow 19-1704] No user IP repositories specified
INFO: [IP_Flow 19-2313] Loaded Vivado IP repository 'C:/Xilinx/Vivado/2020.1/data/ip'.
Command: link_design -top oc8051_fpga_top -part xc7z020clg484-1
Design is defaulting to srcset: sources_1
Design is defaulting to constrset: constrs_1
INFO: [Device 21-403] Loading part xc7z020clg484-1
Netlist sorting complete. Time (s): cpu = 00:00:00 ; elapsed = 00:00:00.001 . Memory (MB): peak = 1063.480 ; gain = 0.000
INFO: [Netlist 29-17] Analyzing 12 Unisim elements for replacement
INFO: [Netlist 29-28] Unisim Transformation completed in 0 CPU seconds
INFO: [Project 1-479] Netlist was created with Vivado 2020.1
INFO: [Project 1-570] Preparing netlist for logic optimization
CRITICAL WARNING: [Designutils 20-1280] Could not find module 'design_1_processing_system7_0_0'. The XDC file c:/Users/iankh/Documents/NTHU/8051/Project/8051_ZedBoard/8051_ZedBoard.srcs/sources_1/bd/design_1/ip/design_1_processing_system7_0_0/design_1_processing_system7_0_0.xdc will not be read for any cell of this module.
Parsing XDC File [C:/Users/iankh/Documents/NTHU/8051/Project/8051_ZedBoard/8051_ZedBoard.srcs/constrs_1/imports/new/oc8051.xdc]
WARNING: [Vivado 12-584] No ports matched '[get_ports -of_objects [get_iobanks 35]]'. [C:/Users/iankh/Documents/NTHU/8051/Project/8051_ZedBoard/8051_ZedBoard.srcs/constrs_1/imports/new/oc8051.xdc:372]
CRITICAL WARNING: [Common 17-55] 'set_property' expects at least one object. [C:/Users/iankh/Documents/NTHU/8051/Project/8051_ZedBoard/8051_ZedBoard.srcs/constrs_1/imports/new/oc8051.xdc:372]
Resolution: If [get_<value>] was used to populate the object, check to make sure this command returns at least one valid object.
Finished Parsing XDC File [C:/Users/iankh/Documents/NTHU/8051/Project/8051_ZedBoard/8051_ZedBoard.srcs/constrs_1/imports/new/oc8051.xdc]
INFO: [Opt 31-138] Pushed 0 inverter(s) to 0 load pin(s).
Netlist sorting complete. Time (s): cpu = 00:00:00 ; elapsed = 00:00:00 . Memory (MB): peak = 1063.480 ; gain = 0.000
INFO: [Project 1-111] Unisim Transformation Summary:
No Unisim elements were transformed.

10 Infos, 1 Warnings, 2 Critical Warnings and 0 Errors encountered.
link_design completed successfully
link_design: Time (s): cpu = 00:00:10 ; elapsed = 00:00:13 . Memory (MB): peak = 1063.480 ; gain = 0.000
INFO: [Project 1-1073] Cannot write hardware definition file as there are no IPI block design hardware handoff files present
Command: opt_design
Attempting to get a license for feature 'Implementation' and/or device 'xc7z020'
INFO: [Common 17-349] Got license for feature 'Implementation' and/or device 'xc7z020'
Running DRC as a precondition to command opt_design

Starting DRC Task
INFO: [DRC 23-27] Running DRC with 2 threads
INFO: [Project 1-461] DRC finished with 0 Errors
INFO: [Project 1-462] Please refer to the DRC report (report_drc) for more information.

Time (s): cpu = 00:00:02 ; elapsed = 00:00:01 . Memory (MB): peak = 1063.480 ; gain = 0.000

Starting Cache Timing Information Task
INFO: [Timing 38-35] Done setting XDC timing constraints.
Ending Cache Timing Information Task | Checksum: 19247c5e5

Time (s): cpu = 00:00:12 ; elapsed = 00:00:12 . Memory (MB): peak = 1413.527 ; gain = 350.047

Starting Logic Optimization Task

Phase 1 Retarget
INFO: [Opt 31-138] Pushed 0 inverter(s) to 0 load pin(s).
INFO: [Opt 31-49] Retargeted 0 cell(s).
Phase 1 Retarget | Checksum: 19247c5e5

Time (s): cpu = 00:00:00 ; elapsed = 00:00:00.047 . Memory (MB): peak = 1622.910 ; gain = 0.000
INFO: [Opt 31-389] Phase Retarget created 0 cells and removed 0 cells

Phase 2 Constant propagation
INFO: [Opt 31-138] Pushed 0 inverter(s) to 0 load pin(s).
Phase 2 Constant propagation | Checksum: 1ccd19e3a

Time (s): cpu = 00:00:00 ; elapsed = 00:00:00.059 . Memory (MB): peak = 1622.910 ; gain = 0.000
INFO: [Opt 31-389] Phase Constant propagation created 0 cells and removed 0 cells

Phase 3 Sweep
Phase 3 Sweep | Checksum: 187b83f5d

Time (s): cpu = 00:00:00 ; elapsed = 00:00:00.075 . Memory (MB): peak = 1622.910 ; gain = 0.000
INFO: [Opt 31-389] Phase Sweep created 0 cells and removed 0 cells

Phase 4 BUFG optimization
Phase 4 BUFG optimization | Checksum: 187b83f5d

Time (s): cpu = 00:00:00 ; elapsed = 00:00:00.088 . Memory (MB): peak = 1622.910 ; gain = 0.000
INFO: [Opt 31-662] Phase BUFG optimization created 0 cells of which 0 are BUFGs and removed 0 cells.

Phase 5 Shift Register Optimization
INFO: [Opt 31-1064] SRL Remap converted 0 SRLs to 0 registers and converted 0 registers of register chains to 0 SRLs
Phase 5 Shift Register Optimization | Checksum: 187b83f5d

Time (s): cpu = 00:00:00 ; elapsed = 00:00:00.092 . Memory (MB): peak = 1622.910 ; gain = 0.000
INFO: [Opt 31-389] Phase Shift Register Optimization created 0 cells and removed 0 cells

Phase 6 Post Processing Netlist
Phase 6 Post Processing Netlist | Checksum: 187b83f5d

Time (s): cpu = 00:00:00 ; elapsed = 00:00:00.097 . Memory (MB): peak = 1622.910 ; gain = 0.000
INFO: [Opt 31-389] Phase Post Processing Netlist created 0 cells and removed 0 cells
Opt_design Change Summary
=========================


-------------------------------------------------------------------------------------------------------------------------
|  Phase                        |  #Cells created  |  #Cells Removed  |  #Constrained objects preventing optimizations  |
-------------------------------------------------------------------------------------------------------------------------
|  Retarget                     |               0  |               0  |                                              0  |
|  Constant propagation         |               0  |               0  |                                              0  |
|  Sweep                        |               0  |               0  |                                              0  |
|  BUFG optimization            |               0  |               0  |                                              0  |
|  Shift Register Optimization  |               0  |               0  |                                              0  |
|  Post Processing Netlist      |               0  |               0  |                                              0  |
-------------------------------------------------------------------------------------------------------------------------



Starting Connectivity Check Task

Time (s): cpu = 00:00:00 ; elapsed = 00:00:00.002 . Memory (MB): peak = 1622.910 ; gain = 0.000
Ending Logic Optimization Task | Checksum: 1aebbdfca

Time (s): cpu = 00:00:00 ; elapsed = 00:00:00.108 . Memory (MB): peak = 1622.910 ; gain = 0.000

Starting Power Optimization Task
INFO: [Pwropt 34-132] Skipping clock gating for clocks with a period < 2.00 ns.
Ending Power Optimization Task | Checksum: 1aebbdfca

Time (s): cpu = 00:00:00 ; elapsed = 00:00:00.023 . Memory (MB): peak = 1622.910 ; gain = 0.000

Starting Final Cleanup Task
Ending Final Cleanup Task | Checksum: 1aebbdfca

Time (s): cpu = 00:00:00 ; elapsed = 00:00:00 . Memory (MB): peak = 1622.910 ; gain = 0.000

Starting Netlist Obfuscation Task
Netlist sorting complete. Time (s): cpu = 00:00:00 ; elapsed = 00:00:00 . Memory (MB): peak = 1622.910 ; gain = 0.000
Ending Netlist Obfuscation Task | Checksum: 1aebbdfca

Time (s): cpu = 00:00:00 ; elapsed = 00:00:00 . Memory (MB): peak = 1622.910 ; gain = 0.000
INFO: [Common 17-83] Releasing license: Implementation
28 Infos, 1 Warnings, 2 Critical Warnings and 0 Errors encountered.
opt_design completed successfully
opt_design: Time (s): cpu = 00:00:17 ; elapsed = 00:00:17 . Memory (MB): peak = 1622.910 ; gain = 559.430
INFO: [Timing 38-480] Writing timing data to binary archive.
Writing placer database...
Writing XDEF routing.
Writing XDEF routing logical nets.
Writing XDEF routing special nets.
Write XDEF Complete: Time (s): cpu = 00:00:00 ; elapsed = 00:00:00.063 . Memory (MB): peak = 1622.910 ; gain = 0.000
INFO: [Common 17-1381] The checkpoint 'C:/Users/iankh/Documents/NTHU/8051/Project/8051_ZedBoard/8051_ZedBoard.runs/impl_1/oc8051_fpga_top_opt.dcp' has been generated.
INFO: [runtcl-4] Executing : report_drc -file oc8051_fpga_top_drc_opted.rpt -pb oc8051_fpga_top_drc_opted.pb -rpx oc8051_fpga_top_drc_opted.rpx
Command: report_drc -file oc8051_fpga_top_drc_opted.rpt -pb oc8051_fpga_top_drc_opted.pb -rpx oc8051_fpga_top_drc_opted.rpx
INFO: [IP_Flow 19-1839] IP Catalog is up to date.
INFO: [DRC 23-27] Running DRC with 2 threads
INFO: [Coretcl 2-168] The results of DRC are in file C:/Users/iankh/Documents/NTHU/8051/Project/8051_ZedBoard/8051_ZedBoard.runs/impl_1/oc8051_fpga_top_drc_opted.rpt.
report_drc completed successfully
Command: place_design
Attempting to get a license for feature 'Implementation' and/or device 'xc7z020'
INFO: [Common 17-349] Got license for feature 'Implementation' and/or device 'xc7z020'
INFO: [DRC 23-27] Running DRC with 2 threads
INFO: [Vivado_Tcl 4-198] DRC finished with 0 Errors
INFO: [Vivado_Tcl 4-199] Please refer to the DRC report (report_drc) for more information.
Running DRC as a precondition to command place_design
INFO: [DRC 23-27] Running DRC with 2 threads
INFO: [Vivado_Tcl 4-198] DRC finished with 0 Errors
INFO: [Vivado_Tcl 4-199] Please refer to the DRC report (report_drc) for more information.

Starting Placer Task
INFO: [Place 30-611] Multithreading enabled for place_design using a maximum of 2 CPUs

Phase 1 Placer Initialization

Phase 1.1 Placer Initialization Netlist Sorting
Netlist sorting complete. Time (s): cpu = 00:00:00 ; elapsed = 00:00:00 . Memory (MB): peak = 1622.910 ; gain = 0.000
Phase 1.1 Placer Initialization Netlist Sorting | Checksum: b6fc99a7

Time (s): cpu = 00:00:00 ; elapsed = 00:00:00.021 . Memory (MB): peak = 1622.910 ; gain = 0.000
Netlist sorting complete. Time (s): cpu = 00:00:00 ; elapsed = 00:00:00 . Memory (MB): peak = 1622.910 ; gain = 0.000

Phase 1.2 IO Placement/ Clock Placement/ Build Placer Device
INFO: [Timing 38-35] Done setting XDC timing constraints.
Phase 1.2 IO Placement/ Clock Placement/ Build Placer Device | Checksum: 12ff6531a

Time (s): cpu = 00:00:01 ; elapsed = 00:00:00.991 . Memory (MB): peak = 1622.910 ; gain = 0.000

Phase 1.3 Build Placer Netlist Model
Phase 1.3 Build Placer Netlist Model | Checksum: 138f384e3

Time (s): cpu = 00:00:01 ; elapsed = 00:00:01 . Memory (MB): peak = 1622.910 ; gain = 0.000

Phase 1.4 Constrain Clocks/Macros
Phase 1.4 Constrain Clocks/Macros | Checksum: 138f384e3

Time (s): cpu = 00:00:01 ; elapsed = 00:00:01 . Memory (MB): peak = 1622.910 ; gain = 0.000
Phase 1 Placer Initialization | Checksum: 138f384e3

Time (s): cpu = 00:00:01 ; elapsed = 00:00:01 . Memory (MB): peak = 1622.910 ; gain = 0.000

Phase 2 Global Placement

Phase 2.1 Floorplanning
Phase 2.1 Floorplanning | Checksum: 138f384e3

Time (s): cpu = 00:00:01 ; elapsed = 00:00:01 . Memory (MB): peak = 1622.910 ; gain = 0.000

Phase 2.2 Global Placement Core
WARNING: [Place 46-29] place_design is not in timing mode. Skip physical synthesis in placer
Phase 2.2 Global Placement Core | Checksum: 13cd5ccba

Time (s): cpu = 00:00:04 ; elapsed = 00:00:03 . Memory (MB): peak = 1622.910 ; gain = 0.000
Phase 2 Global Placement | Checksum: 13cd5ccba

Time (s): cpu = 00:00:04 ; elapsed = 00:00:03 . Memory (MB): peak = 1622.910 ; gain = 0.000

Phase 3 Detail Placement

Phase 3.1 Commit Multi Column Macros
Phase 3.1 Commit Multi Column Macros | Checksum: 13cd5ccba

Time (s): cpu = 00:00:04 ; elapsed = 00:00:03 . Memory (MB): peak = 1622.910 ; gain = 0.000

Phase 3.2 Commit Most Macros & LUTRAMs
Phase 3.2 Commit Most Macros & LUTRAMs | Checksum: 1758edab5

Time (s): cpu = 00:00:04 ; elapsed = 00:00:03 . Memory (MB): peak = 1622.910 ; gain = 0.000

Phase 3.3 Area Swap Optimization
Phase 3.3 Area Swap Optimization | Checksum: 1455d5037

Time (s): cpu = 00:00:04 ; elapsed = 00:00:03 . Memory (MB): peak = 1622.910 ; gain = 0.000

Phase 3.4 Pipeline Register Optimization
Phase 3.4 Pipeline Register Optimization | Checksum: 1455d5037

Time (s): cpu = 00:00:04 ; elapsed = 00:00:03 . Memory (MB): peak = 1622.910 ; gain = 0.000

Phase 3.5 Small Shape Detail Placement
Phase 3.5 Small Shape Detail Placement | Checksum: 11bc1a288

Time (s): cpu = 00:00:05 ; elapsed = 00:00:03 . Memory (MB): peak = 1622.910 ; gain = 0.000

Phase 3.6 Re-assign LUT pins
Phase 3.6 Re-assign LUT pins | Checksum: 11bc1a288

Time (s): cpu = 00:00:05 ; elapsed = 00:00:03 . Memory (MB): peak = 1622.910 ; gain = 0.000

Phase 3.7 Pipeline Register Optimization
Phase 3.7 Pipeline Register Optimization | Checksum: 11bc1a288

Time (s): cpu = 00:00:05 ; elapsed = 00:00:03 . Memory (MB): peak = 1622.910 ; gain = 0.000
Phase 3 Detail Placement | Checksum: 11bc1a288

Time (s): cpu = 00:00:05 ; elapsed = 00:00:03 . Memory (MB): peak = 1622.910 ; gain = 0.000

Phase 4 Post Placement Optimization and Clean-Up

Phase 4.1 Post Commit Optimization
Phase 4.1 Post Commit Optimization | Checksum: 11bc1a288

Time (s): cpu = 00:00:05 ; elapsed = 00:00:03 . Memory (MB): peak = 1622.910 ; gain = 0.000

Phase 4.2 Post Placement Cleanup
Phase 4.2 Post Placement Cleanup | Checksum: 11bc1a288

Time (s): cpu = 00:00:05 ; elapsed = 00:00:03 . Memory (MB): peak = 1622.910 ; gain = 0.000

Phase 4.3 Placer Reporting
Phase 4.3 Placer Reporting | Checksum: 11bc1a288

Time (s): cpu = 00:00:05 ; elapsed = 00:00:03 . Memory (MB): peak = 1622.910 ; gain = 0.000

Phase 4.4 Final Placement Cleanup
Netlist sorting complete. Time (s): cpu = 00:00:00 ; elapsed = 00:00:00 . Memory (MB): peak = 1622.910 ; gain = 0.000
Phase 4.4 Final Placement Cleanup | Checksum: 195a56561

Time (s): cpu = 00:00:05 ; elapsed = 00:00:03 . Memory (MB): peak = 1622.910 ; gain = 0.000
Phase 4 Post Placement Optimization and Clean-Up | Checksum: 195a56561

Time (s): cpu = 00:00:05 ; elapsed = 00:00:03 . Memory (MB): peak = 1622.910 ; gain = 0.000
Ending Placer Task | Checksum: 182f72f24

Time (s): cpu = 00:00:05 ; elapsed = 00:00:03 . Memory (MB): peak = 1622.910 ; gain = 0.000
INFO: [Common 17-83] Releasing license: Implementation
44 Infos, 2 Warnings, 2 Critical Warnings and 0 Errors encountered.
place_design completed successfully
INFO: [Timing 38-480] Writing timing data to binary archive.
Writing placer database...
Writing XDEF routing.
Writing XDEF routing logical nets.
Writing XDEF routing special nets.
Write XDEF Complete: Time (s): cpu = 00:00:00 ; elapsed = 00:00:00.090 . Memory (MB): peak = 1629.602 ; gain = 6.691
INFO: [Common 17-1381] The checkpoint 'C:/Users/iankh/Documents/NTHU/8051/Project/8051_ZedBoard/8051_ZedBoard.runs/impl_1/oc8051_fpga_top_placed.dcp' has been generated.
INFO: [runtcl-4] Executing : report_io -file oc8051_fpga_top_io_placed.rpt
report_io: Time (s): cpu = 00:00:00 ; elapsed = 00:00:00.080 . Memory (MB): peak = 1629.602 ; gain = 0.000
INFO: [runtcl-4] Executing : report_utilization -file oc8051_fpga_top_utilization_placed.rpt -pb oc8051_fpga_top_utilization_placed.pb
INFO: [runtcl-4] Executing : report_control_sets -verbose -file oc8051_fpga_top_control_sets_placed.rpt
report_control_sets: Time (s): cpu = 00:00:00 ; elapsed = 00:00:00.002 . Memory (MB): peak = 1629.602 ; gain = 0.000
Command: phys_opt_design
Attempting to get a license for feature 'Implementation' and/or device 'xc7z020'
INFO: [Common 17-349] Got license for feature 'Implementation' and/or device 'xc7z020'
INFO: [Vivado_Tcl 4-235] No timing constraint found. The netlist was not modified.
INFO: [Common 17-83] Releasing license: Implementation
52 Infos, 2 Warnings, 2 Critical Warnings and 0 Errors encountered.
phys_opt_design completed successfully
INFO: [Timing 38-480] Writing timing data to binary archive.
Writing placer database...
Writing XDEF routing.
Writing XDEF routing logical nets.
Writing XDEF routing special nets.
Write XDEF Complete: Time (s): cpu = 00:00:01 ; elapsed = 00:00:00.104 . Memory (MB): peak = 1660.445 ; gain = 17.863
INFO: [Common 17-1381] The checkpoint 'C:/Users/iankh/Documents/NTHU/8051/Project/8051_ZedBoard/8051_ZedBoard.runs/impl_1/oc8051_fpga_top_physopt.dcp' has been generated.
Command: route_design
Attempting to get a license for feature 'Implementation' and/or device 'xc7z020'
INFO: [Common 17-349] Got license for feature 'Implementation' and/or device 'xc7z020'
Running DRC as a precondition to command route_design
INFO: [DRC 23-27] Running DRC with 2 threads
INFO: [Vivado_Tcl 4-198] DRC finished with 0 Errors
INFO: [Vivado_Tcl 4-199] Please refer to the DRC report (report_drc) for more information.


Starting Routing Task
INFO: [Route 35-254] Multithreading enabled for route_design using a maximum of 2 CPUs
Checksum: PlaceDB: 90ef8a0d ConstDB: 0 ShapeSum: f207a517 RouteDB: 0

Phase 1 Build RT Design
Phase 1 Build RT Design | Checksum: 4f54042a

Time (s): cpu = 00:00:39 ; elapsed = 00:00:34 . Memory (MB): peak = 1760.031 ; gain = 90.559
Post Restoration Checksum: NetGraph: 4d73f270 NumContArr: 1e011ba Constraints: 0 Timing: 0

Phase 2 Router Initialization
INFO: [Route 35-64] No timing constraints were detected. The router will operate in resource-optimization mode.

Phase 2.1 Fix Topology Constraints
Phase 2.1 Fix Topology Constraints | Checksum: 4f54042a

Time (s): cpu = 00:00:39 ; elapsed = 00:00:34 . Memory (MB): peak = 1766.480 ; gain = 97.008

Phase 2.2 Pre Route Cleanup
Phase 2.2 Pre Route Cleanup | Checksum: 4f54042a

Time (s): cpu = 00:00:39 ; elapsed = 00:00:34 . Memory (MB): peak = 1766.480 ; gain = 97.008
 Number of Nodes with overlaps = 0
Phase 2 Router Initialization | Checksum: 90aa39e2

Time (s): cpu = 00:00:39 ; elapsed = 00:00:34 . Memory (MB): peak = 1774.184 ; gain = 104.711

Router Utilization Summary
  Global Vertical Routing Utilization    = 0 %
  Global Horizontal Routing Utilization  = 0 %
  Routable Net Status*
  *Does not include unroutable nets such as driverless and loadless.
  Run report_route_status for detailed report.
  Number of Failed Nets               = 59
    (Failed Nets is the sum of unrouted and partially routed nets)
  Number of Unrouted Nets             = 59
  Number of Partially Routed Nets     = 0
  Number of Node Overlaps             = 0


Phase 3 Initial Routing
Phase 3 Initial Routing | Checksum: 171bd5193

Time (s): cpu = 00:00:40 ; elapsed = 00:00:34 . Memory (MB): peak = 1774.184 ; gain = 104.711

Phase 4 Rip-up And Reroute

Phase 4.1 Global Iteration 0
 Number of Nodes with overlaps = 3
 Number of Nodes with overlaps = 0
Phase 4.1 Global Iteration 0 | Checksum: f851fca3

Time (s): cpu = 00:00:40 ; elapsed = 00:00:34 . Memory (MB): peak = 1774.184 ; gain = 104.711
Phase 4 Rip-up And Reroute | Checksum: f851fca3

Time (s): cpu = 00:00:40 ; elapsed = 00:00:34 . Memory (MB): peak = 1774.184 ; gain = 104.711

Phase 5 Delay and Skew Optimization
Phase 5 Delay and Skew Optimization | Checksum: f851fca3

Time (s): cpu = 00:00:40 ; elapsed = 00:00:34 . Memory (MB): peak = 1774.184 ; gain = 104.711

Phase 6 Post Hold Fix

Phase 6.1 Hold Fix Iter
Phase 6.1 Hold Fix Iter | Checksum: f851fca3

Time (s): cpu = 00:00:40 ; elapsed = 00:00:34 . Memory (MB): peak = 1774.184 ; gain = 104.711
Phase 6 Post Hold Fix | Checksum: f851fca3

Time (s): cpu = 00:00:40 ; elapsed = 00:00:34 . Memory (MB): peak = 1774.184 ; gain = 104.711

Phase 7 Route finalize

Router Utilization Summary
  Global Vertical Routing Utilization    = 0.00585068 %
  Global Horizontal Routing Utilization  = 0.00600068 %
  Routable Net Status*
  *Does not include unroutable nets such as driverless and loadless.
  Run report_route_status for detailed report.
  Number of Failed Nets               = 0
    (Failed Nets is the sum of unrouted and partially routed nets)
  Number of Unrouted Nets             = 0
  Number of Partially Routed Nets     = 0
  Number of Node Overlaps             = 0

Congestion Report
North Dir 1x1 Area, Max Cong = 5.40541%, No Congested Regions.
South Dir 1x1 Area, Max Cong = 5.40541%, No Congested Regions.
East Dir 1x1 Area, Max Cong = 20.5882%, No Congested Regions.
West Dir 1x1 Area, Max Cong = 10.2941%, No Congested Regions.

------------------------------
Reporting congestion hotspots
------------------------------
Direction: North
----------------
Congested clusters found at Level 0
Effective congestion level: 0 Aspect Ratio: 1 Sparse Ratio: 0
Direction: South
----------------
Congested clusters found at Level 0
Effective congestion level: 0 Aspect Ratio: 1 Sparse Ratio: 0
Direction: East
----------------
Congested clusters found at Level 0
Effective congestion level: 0 Aspect Ratio: 1 Sparse Ratio: 0
Direction: West
----------------
Congested clusters found at Level 0
Effective congestion level: 0 Aspect Ratio: 1 Sparse Ratio: 0

Phase 7 Route finalize | Checksum: f851fca3

Time (s): cpu = 00:00:40 ; elapsed = 00:00:34 . Memory (MB): peak = 1774.184 ; gain = 104.711

Phase 8 Verifying routed nets

 Verification completed successfully
Phase 8 Verifying routed nets | Checksum: f851fca3

Time (s): cpu = 00:00:40 ; elapsed = 00:00:34 . Memory (MB): peak = 1776.094 ; gain = 106.621

Phase 9 Depositing Routes
Phase 9 Depositing Routes | Checksum: cd5b423b

Time (s): cpu = 00:00:40 ; elapsed = 00:00:34 . Memory (MB): peak = 1776.094 ; gain = 106.621
INFO: [Route 35-16] Router Completed Successfully

Time (s): cpu = 00:00:40 ; elapsed = 00:00:34 . Memory (MB): peak = 1776.094 ; gain = 106.621

Routing Is Done.
INFO: [Common 17-83] Releasing license: Implementation
62 Infos, 2 Warnings, 2 Critical Warnings and 0 Errors encountered.
route_design completed successfully
route_design: Time (s): cpu = 00:00:42 ; elapsed = 00:00:36 . Memory (MB): peak = 1776.094 ; gain = 115.648
INFO: [Timing 38-480] Writing timing data to binary archive.
Writing placer database...
Writing XDEF routing.
Writing XDEF routing logical nets.
Writing XDEF routing special nets.
Write XDEF Complete: Time (s): cpu = 00:00:00 ; elapsed = 00:00:00.065 . Memory (MB): peak = 1785.930 ; gain = 9.836
INFO: [Common 17-1381] The checkpoint 'C:/Users/iankh/Documents/NTHU/8051/Project/8051_ZedBoard/8051_ZedBoard.runs/impl_1/oc8051_fpga_top_routed.dcp' has been generated.
INFO: [runtcl-4] Executing : report_drc -file oc8051_fpga_top_drc_routed.rpt -pb oc8051_fpga_top_drc_routed.pb -rpx oc8051_fpga_top_drc_routed.rpx
Command: report_drc -file oc8051_fpga_top_drc_routed.rpt -pb oc8051_fpga_top_drc_routed.pb -rpx oc8051_fpga_top_drc_routed.rpx
INFO: [IP_Flow 19-1839] IP Catalog is up to date.
INFO: [DRC 23-27] Running DRC with 2 threads
INFO: [Coretcl 2-168] The results of DRC are in file C:/Users/iankh/Documents/NTHU/8051/Project/8051_ZedBoard/8051_ZedBoard.runs/impl_1/oc8051_fpga_top_drc_routed.rpt.
report_drc completed successfully
INFO: [runtcl-4] Executing : report_methodology -file oc8051_fpga_top_methodology_drc_routed.rpt -pb oc8051_fpga_top_methodology_drc_routed.pb -rpx oc8051_fpga_top_methodology_drc_routed.rpx
Command: report_methodology -file oc8051_fpga_top_methodology_drc_routed.rpt -pb oc8051_fpga_top_methodology_drc_routed.pb -rpx oc8051_fpga_top_methodology_drc_routed.rpx
INFO: [Timing 38-35] Done setting XDC timing constraints.
INFO: [DRC 23-133] Running Methodology with 2 threads
INFO: [Coretcl 2-1520] The results of Report Methodology are in file C:/Users/iankh/Documents/NTHU/8051/Project/8051_ZedBoard/8051_ZedBoard.runs/impl_1/oc8051_fpga_top_methodology_drc_routed.rpt.
report_methodology completed successfully
INFO: [runtcl-4] Executing : report_power -file oc8051_fpga_top_power_routed.rpt -pb oc8051_fpga_top_power_summary_routed.pb -rpx oc8051_fpga_top_power_routed.rpx
Command: report_power -file oc8051_fpga_top_power_routed.rpt -pb oc8051_fpga_top_power_summary_routed.pb -rpx oc8051_fpga_top_power_routed.rpx
INFO: [Timing 38-35] Done setting XDC timing constraints.
WARNING: [Power 33-232] No user defined clocks were found in the design! Power estimation will be inaccurate until this is corrected.
Resolution: Please specify clocks using create_clock/create_generated_clock for sequential elements. For pure combinatorial circuits, please specify a virtual clock, otherwise the vectorless estimation might be inaccurate
Running Vector-less Activity Propagation...

Finished Running Vector-less Activity Propagation
74 Infos, 3 Warnings, 2 Critical Warnings and 0 Errors encountered.
report_power completed successfully
INFO: [runtcl-4] Executing : report_route_status -file oc8051_fpga_top_route_status.rpt -pb oc8051_fpga_top_route_status.pb
INFO: [runtcl-4] Executing : report_timing_summary -max_paths 10 -file oc8051_fpga_top_timing_summary_routed.rpt -pb oc8051_fpga_top_timing_summary_routed.pb -rpx oc8051_fpga_top_timing_summary_routed.rpx -warn_on_violation 
INFO: [Timing 38-91] UpdateTimingParams: Speed grade: -1, Delay Type: min_max.
INFO: [Timing 38-191] Multithreading enabled for timing update using a maximum of 2 CPUs
WARNING: [Timing 38-313] There are no user specified timing constraints. Timing constraints are needed for proper timing analysis.
INFO: [runtcl-4] Executing : report_incremental_reuse -file oc8051_fpga_top_incremental_reuse_routed.rpt
INFO: [Vivado_Tcl 4-1062] Incremental flow is disabled. No incremental reuse Info to report.
INFO: [runtcl-4] Executing : report_clock_utilization -file oc8051_fpga_top_clock_utilization_routed.rpt
INFO: [runtcl-4] Executing : report_bus_skew -warn_on_violation -file oc8051_fpga_top_bus_skew_routed.rpt -pb oc8051_fpga_top_bus_skew_routed.pb -rpx oc8051_fpga_top_bus_skew_routed.rpx
INFO: [Timing 38-91] UpdateTimingParams: Speed grade: -1, Delay Type: min_max.
INFO: [Timing 38-191] Multithreading enabled for timing update using a maximum of 2 CPUs
Command: write_bitstream -force oc8051_fpga_top.bit
Attempting to get a license for feature 'Implementation' and/or device 'xc7z020'
INFO: [Common 17-349] Got license for feature 'Implementation' and/or device 'xc7z020'
Running DRC as a precondition to command write_bitstream
INFO: [IP_Flow 19-1839] IP Catalog is up to date.
INFO: [DRC 23-27] Running DRC with 2 threads
WARNING: [DRC ZPS7-1] PS7 block required: The PS7 cell must be used in this Zynq design in order to enable correct default configuration.
INFO: [Vivado 12-3199] DRC finished with 0 Errors, 1 Warnings
INFO: [Vivado 12-3200] Please refer to the DRC report (report_drc) for more information.
INFO: [Designutils 20-2272] Running write_bitstream with 2 threads.
Loading data files...
Loading site data...
Loading route data...
Processing options...
Creating bitmap...
Creating bitstream...
Writing bitstream ./oc8051_fpga_top.bit...
INFO: [Vivado 12-1842] Bitgen Completed Successfully.
INFO: [Common 17-83] Releasing license: Implementation
92 Infos, 5 Warnings, 2 Critical Warnings and 0 Errors encountered.
write_bitstream completed successfully
write_bitstream: Time (s): cpu = 00:00:19 ; elapsed = 00:00:17 . Memory (MB): peak = 2233.570 ; gain = 413.355
INFO: [Common 17-206] Exiting Vivado at Thu Sep  8 15:29:47 2022...
