INFO: [VRFC 10-2263] Analyzing Verilog file "C:/Users/iankh/Documents/NTHU/8051/Project/8051_ZedBoard/8051_ZedBoard.sim/sim_1/synth/func/xsim/oc8051_tb_func_synth.v" into library xil_defaultlib
INFO: [VRFC 10-311] analyzing module clock_divider
INFO: [VRFC 10-311] analyzing module oc8051_acc
INFO: [VRFC 10-311] analyzing module oc8051_alu
INFO: [VRFC 10-311] analyzing module oc8051_alu_src_sel
INFO: [VRFC 10-311] analyzing module oc8051_b_register
INFO: [VRFC 10-311] analyzing module oc8051_decoder
INFO: [VRFC 10-311] analyzing module oc8051_divide
INFO: [VRFC 10-311] analyzing module oc8051_dptr
INFO: [VRFC 10-311] analyzing module oc8051_fpga_top
INFO: [VRFC 10-311] analyzing module oc8051_indi_addr
INFO: [VRFC 10-311] analyzing module oc8051_int
INFO: [VRFC 10-311] analyzing module oc8051_memory_interface
INFO: [VRFC 10-311] analyzing module oc8051_multiply
INFO: [VRFC 10-311] analyzing module oc8051_ports
INFO: [VRFC 10-311] analyzing module oc8051_psw
INFO: [VRFC 10-311] analyzing module oc8051_ram_256x8_two_bist
INFO: [VRFC 10-311] analyzing module oc8051_ram_top
INFO: [VRFC 10-311] analyzing module oc8051_sfr
INFO: [VRFC 10-311] analyzing module oc8051_sp
INFO: [VRFC 10-311] analyzing module oc8051_tc
INFO: [VRFC 10-311] analyzing module oc8051_tc2
INFO: [VRFC 10-311] analyzing module oc8051_top
INFO: [VRFC 10-311] analyzing module oc8051_uart
INFO: [VRFC 10-311] analyzing module oc8051_xrom
INFO: [VRFC 10-311] analyzing module glbl
INFO: [VRFC 10-2263] Analyzing Verilog file "C:/Users/iankh/Documents/NTHU/8051/Project/8051_ZedBoard/8051_ZedBoard.srcs/sources_1/imports/verilog/oc8051_acc.v" into library xil_defaultlib
INFO: [VRFC 10-311] analyzing module oc8051_acc
WARNING: [VRFC 10-3609] overwriting previous definition of module 'oc8051_acc' [C:/Users/iankh/Documents/NTHU/8051/Project/8051_ZedBoard/8051_ZedBoard.srcs/sources_1/imports/verilog/oc8051_acc.v:77]
INFO: [VRFC 10-2263] Analyzing Verilog file "C:/Users/iankh/Documents/NTHU/8051/Project/8051_ZedBoard/8051_ZedBoard.srcs/sources_1/imports/verilog/oc8051_alu.v" into library xil_defaultlib
INFO: [VRFC 10-311] analyzing module oc8051_alu
WARNING: [VRFC 10-3609] overwriting previous definition of module 'oc8051_alu' [C:/Users/iankh/Documents/NTHU/8051/Project/8051_ZedBoard/8051_ZedBoard.srcs/sources_1/imports/verilog/oc8051_alu.v:89]
INFO: [VRFC 10-2263] Analyzing Verilog file "C:/Users/iankh/Documents/NTHU/8051/Project/8051_ZedBoard/8051_ZedBoard.srcs/sources_1/imports/verilog/oc8051_alu_src_sel.v" into library xil_defaultlib
INFO: [VRFC 10-311] analyzing module oc8051_alu_src_sel
WARNING: [VRFC 10-3609] overwriting previous definition of module 'oc8051_alu_src_sel' [C:/Users/iankh/Documents/NTHU/8051/Project/8051_ZedBoard/8051_ZedBoard.srcs/sources_1/imports/verilog/oc8051_alu_src_sel.v:66]
INFO: [VRFC 10-2263] Analyzing Verilog file "C:/Users/iankh/Documents/NTHU/8051/Project/8051_ZedBoard/8051_ZedBoard.srcs/sources_1/imports/verilog/oc8051_b_register.v" into library xil_defaultlib
INFO: [VRFC 10-311] analyzing module oc8051_b_register
WARNING: [VRFC 10-3609] overwriting previous definition of module 'oc8051_b_register' [C:/Users/iankh/Documents/NTHU/8051/Project/8051_ZedBoard/8051_ZedBoard.srcs/sources_1/imports/verilog/oc8051_b_register.v:65]
INFO: [VRFC 10-2263] Analyzing Verilog file "C:/Users/iankh/Documents/NTHU/8051/Project/8051_ZedBoard/8051_ZedBoard.srcs/sources_1/imports/verilog/oc8051_comp.v" into library xil_defaultlib
INFO: [VRFC 10-311] analyzing module oc8051_comp
INFO: [VRFC 10-2263] Analyzing Verilog file "C:/Users/iankh/Documents/NTHU/8051/Project/8051_ZedBoard/8051_ZedBoard.srcs/sources_1/imports/verilog/oc8051_cy_select.v" into library xil_defaultlib
INFO: [VRFC 10-311] analyzing module oc8051_cy_select
INFO: [VRFC 10-2263] Analyzing Verilog file "C:/Users/iankh/Documents/NTHU/8051/Project/8051_ZedBoard/8051_ZedBoard.srcs/sources_1/imports/verilog/oc8051_decoder.v" into library xil_defaultlib
INFO: [VRFC 10-311] analyzing module oc8051_decoder
WARNING: [VRFC 10-3609] overwriting previous definition of module 'oc8051_decoder' [C:/Users/iankh/Documents/NTHU/8051/Project/8051_ZedBoard/8051_ZedBoard.srcs/sources_1/imports/verilog/oc8051_decoder.v:90]
INFO: [VRFC 10-2263] Analyzing Verilog file "C:/Users/iankh/Documents/NTHU/8051/Project/8051_ZedBoard/8051_ZedBoard.srcs/sources_1/imports/verilog/oc8051_divide.v" into library xil_defaultlib
INFO: [VRFC 10-311] analyzing module oc8051_divide
WARNING: [VRFC 10-3609] overwriting previous definition of module 'oc8051_divide' [C:/Users/iankh/Documents/NTHU/8051/Project/8051_ZedBoard/8051_ZedBoard.srcs/sources_1/imports/verilog/oc8051_divide.v:57]
INFO: [VRFC 10-2263] Analyzing Verilog file "C:/Users/iankh/Documents/NTHU/8051/Project/8051_ZedBoard/8051_ZedBoard.srcs/sources_1/imports/verilog/oc8051_dptr.v" into library xil_defaultlib
INFO: [VRFC 10-311] analyzing module oc8051_dptr
WARNING: [VRFC 10-3609] overwriting previous definition of module 'oc8051_dptr' [C:/Users/iankh/Documents/NTHU/8051/Project/8051_ZedBoard/8051_ZedBoard.srcs/sources_1/imports/verilog/oc8051_dptr.v:62]
INFO: [VRFC 10-2263] Analyzing Verilog file "C:/Users/iankh/Documents/NTHU/8051/Project/8051_ZedBoard/8051_ZedBoard.srcs/sources_1/imports/verilog/oc8051_indi_addr.v" into library xil_defaultlib
INFO: [VRFC 10-311] analyzing module oc8051_indi_addr
WARNING: [VRFC 10-3609] overwriting previous definition of module 'oc8051_indi_addr' [C:/Users/iankh/Documents/NTHU/8051/Project/8051_ZedBoard/8051_ZedBoard.srcs/sources_1/imports/verilog/oc8051_indi_addr.v:64]
INFO: [VRFC 10-2263] Analyzing Verilog file "C:/Users/iankh/Documents/NTHU/8051/Project/8051_ZedBoard/8051_ZedBoard.srcs/sources_1/imports/verilog/oc8051_int.v" into library xil_defaultlib
INFO: [VRFC 10-311] analyzing module oc8051_int
WARNING: [VRFC 10-3609] overwriting previous definition of module 'oc8051_int' [C:/Users/iankh/Documents/NTHU/8051/Project/8051_ZedBoard/8051_ZedBoard.srcs/sources_1/imports/verilog/oc8051_int.v:75]
INFO: [VRFC 10-2263] Analyzing Verilog file "C:/Users/iankh/Documents/NTHU/8051/Project/8051_ZedBoard/8051_ZedBoard.srcs/sources_1/imports/verilog/oc8051_memory_interface.v" into library xil_defaultlib
INFO: [VRFC 10-311] analyzing module oc8051_memory_interface
WARNING: [VRFC 10-3609] overwriting previous definition of module 'oc8051_memory_interface' [C:/Users/iankh/Documents/NTHU/8051/Project/8051_ZedBoard/8051_ZedBoard.srcs/sources_1/imports/verilog/oc8051_memory_interface.v:92]
INFO: [VRFC 10-2263] Analyzing Verilog file "C:/Users/iankh/Documents/NTHU/8051/Project/8051_ZedBoard/8051_ZedBoard.srcs/sources_1/imports/verilog/oc8051_multiply.v" into library xil_defaultlib
INFO: [VRFC 10-311] analyzing module oc8051_multiply
WARNING: [VRFC 10-3609] overwriting previous definition of module 'oc8051_multiply' [C:/Users/iankh/Documents/NTHU/8051/Project/8051_ZedBoard/8051_ZedBoard.srcs/sources_1/imports/verilog/oc8051_multiply.v:65]
INFO: [VRFC 10-2263] Analyzing Verilog file "C:/Users/iankh/Documents/NTHU/8051/Project/8051_ZedBoard/8051_ZedBoard.srcs/sources_1/imports/verilog/oc8051_ports.v" into library xil_defaultlib
INFO: [VRFC 10-311] analyzing module oc8051_ports
WARNING: [VRFC 10-3609] overwriting previous definition of module 'oc8051_ports' [C:/Users/iankh/Documents/NTHU/8051/Project/8051_ZedBoard/8051_ZedBoard.srcs/sources_1/imports/verilog/oc8051_ports.v:69]
INFO: [VRFC 10-2263] Analyzing Verilog file "C:/Users/iankh/Documents/NTHU/8051/Project/8051_ZedBoard/8051_ZedBoard.srcs/sources_1/imports/verilog/oc8051_psw.v" into library xil_defaultlib
INFO: [VRFC 10-311] analyzing module oc8051_psw
WARNING: [VRFC 10-3609] overwriting previous definition of module 'oc8051_psw' [C:/Users/iankh/Documents/NTHU/8051/Project/8051_ZedBoard/8051_ZedBoard.srcs/sources_1/imports/verilog/oc8051_psw.v:72]
INFO: [VRFC 10-2263] Analyzing Verilog file "C:/Users/iankh/Documents/NTHU/8051/Project/8051_ZedBoard/8051_ZedBoard.srcs/sources_1/imports/verilog/oc8051_ram_256x8_two_bist.v" into library xil_defaultlib
INFO: [VRFC 10-311] analyzing module oc8051_ram_256x8_two_bist
WARNING: [VRFC 10-3609] overwriting previous definition of module 'oc8051_ram_256x8_two_bist' [C:/Users/iankh/Documents/NTHU/8051/Project/8051_ZedBoard/8051_ZedBoard.srcs/sources_1/imports/verilog/oc8051_ram_256x8_two_bist.v:59]
INFO: [VRFC 10-2263] Analyzing Verilog file "C:/Users/iankh/Documents/NTHU/8051/Project/8051_ZedBoard/8051_ZedBoard.srcs/sources_1/imports/verilog/oc8051_ram_top.v" into library xil_defaultlib
INFO: [VRFC 10-311] analyzing module oc8051_ram_top
WARNING: [VRFC 10-3609] overwriting previous definition of module 'oc8051_ram_top' [C:/Users/iankh/Documents/NTHU/8051/Project/8051_ZedBoard/8051_ZedBoard.srcs/sources_1/imports/verilog/oc8051_ram_top.v:77]
INFO: [VRFC 10-2263] Analyzing Verilog file "C:/Users/iankh/Documents/NTHU/8051/Project/8051_ZedBoard/8051_ZedBoard.srcs/sources_1/imports/verilog/oc8051_rom.v" into library xil_defaultlib
INFO: [VRFC 10-311] analyzing module oc8051_rom
INFO: [VRFC 10-2263] Analyzing Verilog file "C:/Users/iankh/Documents/NTHU/8051/Project/8051_ZedBoard/8051_ZedBoard.srcs/sources_1/imports/verilog/oc8051_sfr.v" into library xil_defaultlib
INFO: [VRFC 10-311] analyzing module oc8051_sfr
WARNING: [VRFC 10-3609] overwriting previous definition of module 'oc8051_sfr' [C:/Users/iankh/Documents/NTHU/8051/Project/8051_ZedBoard/8051_ZedBoard.srcs/sources_1/imports/verilog/oc8051_sfr.v:98]
INFO: [VRFC 10-2263] Analyzing Verilog file "C:/Users/iankh/Documents/NTHU/8051/Project/8051_ZedBoard/8051_ZedBoard.srcs/sources_1/imports/verilog/oc8051_sp.v" into library xil_defaultlib
INFO: [VRFC 10-311] analyzing module oc8051_sp
WARNING: [VRFC 10-3609] overwriting previous definition of module 'oc8051_sp' [C:/Users/iankh/Documents/NTHU/8051/Project/8051_ZedBoard/8051_ZedBoard.srcs/sources_1/imports/verilog/oc8051_sp.v:66]
INFO: [VRFC 10-2263] Analyzing Verilog file "C:/Users/iankh/Documents/NTHU/8051/Project/8051_ZedBoard/8051_ZedBoard.srcs/sources_1/imports/verilog/oc8051_tc.v" into library xil_defaultlib
INFO: [VRFC 10-311] analyzing module oc8051_tc
WARNING: [VRFC 10-3609] overwriting previous definition of module 'oc8051_tc' [C:/Users/iankh/Documents/NTHU/8051/Project/8051_ZedBoard/8051_ZedBoard.srcs/sources_1/imports/verilog/oc8051_tc.v:72]
INFO: [VRFC 10-2263] Analyzing Verilog file "C:/Users/iankh/Documents/NTHU/8051/Project/8051_ZedBoard/8051_ZedBoard.srcs/sources_1/imports/verilog/oc8051_tc2.v" into library xil_defaultlib
INFO: [VRFC 10-311] analyzing module oc8051_tc2
WARNING: [VRFC 10-3609] overwriting previous definition of module 'oc8051_tc2' [C:/Users/iankh/Documents/NTHU/8051/Project/8051_ZedBoard/8051_ZedBoard.srcs/sources_1/imports/verilog/oc8051_tc2.v:64]
INFO: [VRFC 10-2263] Analyzing Verilog file "C:/Users/iankh/Documents/NTHU/8051/Project/8051_ZedBoard/8051_ZedBoard.srcs/sources_1/imports/verilog/oc8051_top.v" into library xil_defaultlib
INFO: [VRFC 10-311] analyzing module oc8051_top
WARNING: [VRFC 10-3609] overwriting previous definition of module 'oc8051_top' [C:/Users/iankh/Documents/NTHU/8051/Project/8051_ZedBoard/8051_ZedBoard.srcs/sources_1/imports/verilog/oc8051_top.v:115]
INFO: [VRFC 10-2263] Analyzing Verilog file "C:/Users/iankh/Documents/NTHU/8051/Project/8051_ZedBoard/8051_ZedBoard.srcs/sources_1/imports/verilog/oc8051_uart.v" into library xil_defaultlib
INFO: [VRFC 10-311] analyzing module oc8051_uart
WARNING: [VRFC 10-3609] overwriting previous definition of module 'oc8051_uart' [C:/Users/iankh/Documents/NTHU/8051/Project/8051_ZedBoard/8051_ZedBoard.srcs/sources_1/imports/verilog/oc8051_uart.v:73]
INFO: [VRFC 10-2263] Analyzing Verilog file "C:/Users/iankh/Documents/NTHU/8051/Project/8051_ZedBoard/8051_ZedBoard.srcs/sim_1/imports/verilog/oc8051_uart_test.v" into library xil_defaultlib
INFO: [VRFC 10-311] analyzing module oc8051_uart_test
INFO: [VRFC 10-2263] Analyzing Verilog file "C:/Users/iankh/Documents/NTHU/8051/Project/8051_ZedBoard/8051_ZedBoard.srcs/sim_1/imports/verilog/oc8051_xram.v" into library xil_defaultlib
INFO: [VRFC 10-311] analyzing module oc8051_xram
INFO: [VRFC 10-2263] Analyzing Verilog file "C:/Users/iankh/Documents/NTHU/8051/Project/8051_ZedBoard/8051_ZedBoard.srcs/sources_1/new/oc8051_xrom.v" into library xil_defaultlib
INFO: [VRFC 10-311] analyzing module oc8051_xrom
WARNING: [VRFC 10-3609] overwriting previous definition of module 'oc8051_xrom' [C:/Users/iankh/Documents/NTHU/8051/Project/8051_ZedBoard/8051_ZedBoard.srcs/sources_1/new/oc8051_xrom.v:55]
INFO: [VRFC 10-2263] Analyzing Verilog file "C:/Users/iankh/Documents/NTHU/8051/Project/8051_ZedBoard/8051_ZedBoard.srcs/sim_1/imports/verilog/oc8051_tb.v" into library xil_defaultlib
INFO: [VRFC 10-311] analyzing module oc8051_tb
