Vivado Simulator 2020.1
Copyright 1986-1999, 2001-2020 Xilinx, Inc. All Rights Reserved.
Running: C:/Xilinx/Vivado/2020.1/bin/unwrapped/win64.o/xelab.exe -wto 2604d4a57c0d4c50ab330261e9226b1c --incr --debug typical --relax --mt 2 -L xil_defaultlib -L xilinx_vip -L unisims_ver -L unimacro_ver -L secureip -L xpm --snapshot oc8051_fpga_top_tb_behav xil_defaultlib.oc8051_fpga_top_tb xil_defaultlib.glbl -log elaborate.log 
Using 2 slave threads.
Starting static elaboration
Pass Through NonSizing Optimizer
Completed static elaboration
Starting simulation data flow analysis
Completed simulation data flow analysis
Time Resolution for simulation is 1ps
Compiling module xil_defaultlib.oc8051_decoder
Compiling module xil_defaultlib.oc8051_multiply
Compiling module xil_defaultlib.oc8051_divide
Compiling module xil_defaultlib.oc8051_alu
Compiling module xil_defaultlib.oc8051_ram_256x8_two_bist
Compiling module xil_defaultlib.oc8051_ram_top
Compiling module xil_defaultlib.oc8051_alu_src_sel
Compiling module xil_defaultlib.oc8051_comp
Compiling module xil_defaultlib.oc8051_rom
Compiling module xil_defaultlib.oc8051_cy_select
Compiling module xil_defaultlib.oc8051_indi_addr
Compiling module xil_defaultlib.oc8051_memory_interface
Compiling module xil_defaultlib.oc8051_acc
Compiling module xil_defaultlib.oc8051_b_register
Compiling module xil_defaultlib.oc8051_sp
Compiling module xil_defaultlib.oc8051_dptr
Compiling module xil_defaultlib.oc8051_psw
Compiling module xil_defaultlib.oc8051_ports
Compiling module xil_defaultlib.oc8051_uart
Compiling module xil_defaultlib.oc8051_int
Compiling module xil_defaultlib.oc8051_tc
Compiling module xil_defaultlib.oc8051_tc2
Compiling module xil_defaultlib.oc8051_sfr
Compiling module xil_defaultlib.oc8051_top
Compiling module xil_defaultlib.oc8051_xrom(DELAY=0)
Compiling module xil_defaultlib.disp
Compiling module xil_defaultlib.clock_divider_default
Compiling module xil_defaultlib.oc8051_fpga_top
Compiling module xil_defaultlib.oc8051_fpga_top_tb
Compiling module xil_defaultlib.glbl
Built simulation snapshot oc8051_fpga_top_tb_behav
